#
# There is insufficient memory for the Java Runtime Environment to continue.
# Native memory allocation (malloc) failed to allocate 1048576 bytes for AllocateHeap
# Possible reasons:
#   The system is out of physical RAM or swap space
#   The process is running with CompressedOops enabled, and the Java Heap may be blocking the growth of the native heap
# Possible solutions:
#   Reduce memory load on the system
#   Increase physical memory or swap space
#   Check if swap backing store is full
#   Decrease Java heap size (-Xmx/-Xms)
#   Decrease number of Java threads
#   Decrease Java thread stack sizes (-Xss)
#   Set larger code cache with -XX:ReservedCodeCacheSize=
# This output file may be truncated or incomplete.
#
#  Out of Memory Error (t:/workspace/open/src/hotspot/share/memory/allocation.cpp:45), pid=25648, tid=15384
#
# JRE version:  (13.0.2+8) (build )
# Java VM: Java HotSpot(TM) 64-Bit Server VM (13.0.2+8, mixed mode, aot, sharing, tiered, compressed oops, g1 gc, windows-amd64)
# No core dump will be written. Minidumps are not enabled by default on client versions of Windows
#

---------------  S U M M A R Y ------------

Command Line: -Dfile.encoding=Cp1252 unisinos.Main

Host: Intel(R) Core(TM) i5-9300H CPU @ 2.40GHz, 8 cores, 15G,  Windows 10 , 64 bit Build 19041 (10.0.19041.292)
Time: Wed Sep 23 03:35:59 2020 Hora oficial do Brasil elapsed time: 0 seconds (0d 0h 0m 0s)

---------------  T H R E A D  ---------------

Current thread (0x0000022168559800):  JavaThread "Unknown thread" [_thread_in_vm, id=15384, stack(0x000000457df00000,0x000000457e000000)]

Stack: [0x000000457df00000,0x000000457e000000]
Native frames: (J=compiled Java code, j=interpreted, Vv=VM code, C=native code)
V  [jvm.dll+0x624f9a]
V  [jvm.dll+0x770cfa]
V  [jvm.dll+0x7724af]
V  [jvm.dll+0x772ab3]
V  [jvm.dll+0x24bf08]
V  [jvm.dll+0xb8d8f]
V  [jvm.dll+0x2ed783]
V  [jvm.dll+0x2e6765]
V  [jvm.dll+0x74dd78]
V  [jvm.dll+0x361989]
V  [jvm.dll+0x730e65]
V  [jvm.dll+0x3cc53f]
V  [jvm.dll+0x3ce861]
C  [jli.dll+0x51ff]
C  [ucrtbase.dll+0x214c2]
C  [KERNEL32.DLL+0x16fd4]
C  [ntdll.dll+0x4cec1]


---------------  P R O C E S S  ---------------

Threads class SMR info:
_java_thread_list=0x00007ffec0e1ccb8, length=0, elements={
}

Java Threads: ( => current thread )

Other Threads:
  0x00000221685c6000 GCTaskThread "GC Thread#0" [stack: 0x000000457e000000,0x000000457e100000] [id=13656]

[error occurred during error reporting (printing all threads), id 0xc0000005, EXCEPTION_ACCESS_VIOLATION (0xc0000005) at pc=0x00007ffec0652260]

VM state:not at safepoint (not fully initialized)

VM Mutex/Monitor currently owned by a thread:  ([mutex/lock_event])
[0x00000221685544f0] Heap_lock - owner thread: 0x0000022168559800

Heap address: 0x0000000702600000, size: 4058 MB, Compressed Oops mode: Non-zero based: 0x0000000702600000
Narrow klass base: 0x0000000000000000, Narrow klass shift: 0

GC Heap History (0 events):
No events

Deoptimization events (0 events):
No events

Classes unloaded (0 events):
No events

Classes redefined (0 events):
No events

Internal exceptions (0 events):
No events

Events (8 events):
Event: 0.006 Loaded shared library C:\Program Files\Java\jdk-13.0.2\bin\zip.dll
Event: 0.007 Loaded shared library C:\Program Files\Java\jdk-13.0.2\bin\jimage.dll
Event: 0.008 Loading shared library C:\Program Files\Java\jdk-13.0.2\lib\libjava.base-coop.dll failed, error code 126
Event: 0.008 Loading shared library C:\Program Files\Java\jdk-13.0.2\lib\libjava.logging-coop.dll failed, error code 126
Event: 0.008 Loading shared library C:\Program Files\Java\jdk-13.0.2\lib\libjdk.compiler-coop.dll failed, error code 126
Event: 0.008 Loading shared library C:\Program Files\Java\jdk-13.0.2\lib\libjdk.scripting.nashorn-coop.dll failed, error code 126
Event: 0.008 Loading shared library C:\Program Files\Java\jdk-13.0.2\lib\libjdk.internal.vm.ci-coop.dll failed, error code 126
Event: 0.009 Loading shared library C:\Program Files\Java\jdk-13.0.2\lib\libjdk.internal.vm.compiler-coop.dll failed, error code 126


Dynamic libraries:
0x00007ff7d3570000 - 0x00007ff7d357f000 	C:\Program Files\Java\jdk-13.0.2\bin\javaw.exe
0x00007fff43230000 - 0x00007fff43425000 	C:\WINDOWS\SYSTEM32\ntdll.dll
0x00007fff41340000 - 0x00007fff413fd000 	C:\WINDOWS\System32\KERNEL32.DLL
0x00007fff40bd0000 - 0x00007fff40e97000 	C:\WINDOWS\System32\KERNELBASE.dll
0x00007fff40fb0000 - 0x00007fff410b0000 	C:\WINDOWS\System32\ucrtbase.dll
0x00007fff26c40000 - 0x00007fff26c55000 	C:\Program Files\Java\jdk-13.0.2\bin\VCRUNTIME140.dll
0x00007fff28260000 - 0x00007fff28278000 	C:\Program Files\Java\jdk-13.0.2\bin\jli.dll
0x00007fff42460000 - 0x00007fff4250a000 	C:\WINDOWS\System32\ADVAPI32.dll
0x00007fff41400000 - 0x00007fff4149e000 	C:\WINDOWS\System32\msvcrt.dll
0x00007fff42220000 - 0x00007fff422bb000 	C:\WINDOWS\System32\sechost.dll
0x00007fff41e90000 - 0x00007fff41fb4000 	C:\WINDOWS\System32\RPCRT4.dll
0x00007fff42bb0000 - 0x00007fff42d50000 	C:\WINDOWS\System32\USER32.dll
0x00007fff410b0000 - 0x00007fff410d2000 	C:\WINDOWS\System32\win32u.dll
0x00007fff2b0d0000 - 0x00007fff2b36b000 	C:\WINDOWS\WinSxS\amd64_microsoft.windows.common-controls_6595b64144ccf1df_6.0.19041.488_none_ca04af081b815d21\COMCTL32.dll
0x00007fff42d50000 - 0x00007fff42d7a000 	C:\WINDOWS\System32\GDI32.dll
0x00007fff410e0000 - 0x00007fff411e9000 	C:\WINDOWS\System32\gdi32full.dll
0x00007fff411f0000 - 0x00007fff4128d000 	C:\WINDOWS\System32\msvcp_win.dll
0x00007fff35d50000 - 0x00007fff35d5a000 	C:\WINDOWS\SYSTEM32\VERSION.dll
0x00007fff42620000 - 0x00007fff42650000 	C:\WINDOWS\System32\IMM32.DLL
0x00007ffee4890000 - 0x00007ffee492b000 	C:\Program Files\Java\jdk-13.0.2\bin\msvcp140.dll
0x00007ffec0360000 - 0x00007ffec0ebd000 	C:\Program Files\Java\jdk-13.0.2\bin\server\jvm.dll
0x00007fff426b0000 - 0x00007fff426b8000 	C:\WINDOWS\System32\PSAPI.DLL
0x00007fff21b70000 - 0x00007fff21b79000 	C:\WINDOWS\SYSTEM32\WSOCK32.dll
0x00007fff426c0000 - 0x00007fff4272b000 	C:\WINDOWS\System32\WS2_32.dll
0x00007fff2dcd0000 - 0x00007fff2dcf7000 	C:\WINDOWS\SYSTEM32\WINMM.dll
0x00007fff3f230000 - 0x00007fff3f243000 	C:\WINDOWS\SYSTEM32\kernel.appcore.dll
0x00007fff262d0000 - 0x00007fff262e0000 	C:\Program Files\Java\jdk-13.0.2\bin\verify.dll
0x00007fff3e760000 - 0x00007fff3e944000 	C:\WINDOWS\SYSTEM32\DBGHELP.DLL
0x00007fff299e0000 - 0x00007fff29a0c000 	C:\WINDOWS\SYSTEM32\dbgcore.DLL
0x00007fff40ed0000 - 0x00007fff40f4f000 	C:\WINDOWS\System32\bcryptPrimitives.dll
0x00007fff1aad0000 - 0x00007fff1aaf6000 	C:\Program Files\Java\jdk-13.0.2\bin\java.dll
0x00007fff262b0000 - 0x00007fff262c7000 	C:\Program Files\Java\jdk-13.0.2\bin\zip.dll
0x00007fff1f0a0000 - 0x00007fff1f0aa000 	C:\Program Files\Java\jdk-13.0.2\bin\jimage.dll

dbghelp: loaded successfully - version: 4.0.5 - missing functions: none
symbol engine: initialized successfully - sym options: 0x614 - pdb path: .;C:\Program Files\Java\jdk-13.0.2\bin;C:\WINDOWS\SYSTEM32;C:\WINDOWS\WinSxS\amd64_microsoft.windows.common-controls_6595b64144ccf1df_6.0.19041.488_none_ca04af081b815d21;C:\Program Files\Java\jdk-13.0.2\bin\server

VM Arguments:
jvm_args: -Dfile.encoding=Cp1252 
java_command: unisinos.Main
java_class_path (initial): C:\Users\willi\eclipse-workspace\Trabalho_GA_Lab2\bin
Launcher Type: SUN_STANDARD

[Global flags]
     intx CICompilerCount                          = 4                                         {product} {ergonomic}
     uint ConcGCThreads                            = 2                                         {product} {ergonomic}
     uint G1ConcRefinementThreads                  = 8                                         {product} {ergonomic}
   size_t G1HeapRegionSize                         = 1048576                                   {product} {ergonomic}
    uintx GCDrainStackTargetSize                   = 64                                        {product} {ergonomic}
   size_t InitialHeapSize                          = 266338304                                 {product} {ergonomic}
   size_t MarkStackSize                            = 4194304                                   {product} {ergonomic}
   size_t MaxHeapSize                              = 4255121408                                {product} {ergonomic}
   size_t MinHeapDeltaBytes                        = 1048576                                   {product} {ergonomic}
   size_t MinHeapSize                              = 8388608                                   {product} {ergonomic}
    uintx NonNMethodCodeHeapSize                   = 5839372                                {pd product} {ergonomic}
    uintx NonProfiledCodeHeapSize                  = 122909434                              {pd product} {ergonomic}
    uintx ProfiledCodeHeapSize                     = 122909434                              {pd product} {ergonomic}
    uintx ReservedCodeCacheSize                    = 251658240                              {pd product} {ergonomic}
     bool SegmentedCodeCache                       = true                                      {product} {ergonomic}
   size_t SoftMaxHeapSize                          = 4255121408                             {manageable} {ergonomic}
     bool UseCompressedClassPointers               = true                                 {lp64_product} {ergonomic}
     bool UseCompressedOops                        = true                                 {lp64_product} {ergonomic}
     bool UseG1GC                                  = true                                      {product} {ergonomic}
     bool UseLargePagesIndividualAllocation        = false                                  {pd product} {ergonomic}

Logging:
Log output configuration:
 #0: stdout all=warning uptime,level,tags
 #1: stderr all=off uptime,level,tags

Environment Variables:
JAVA_HOME=C:\Program Files\Java\jdk-13.0.2
CLASSPATH=.;C:\Program Files\Java\jdk-13.0.2\lib;C:\Program Files\Java\jdk-13.0.2\lib\tools.jar;C:\Program Files\Java\jdk-13.0.2\lib\dt.jar;C:\Program Files\Java\jdk-13.0.2\lib\htmlconverter.jar;C:\Program Files\Java\jdk-13.0.2\jre\lib;C:\Program Files\Java\jdk-13.0.2\jre\lib\rt.jar
PATH=C:/Program Files/Java/jdk-13.0.2/bin/server;C:/Program Files/Java/jdk-13.0.2/bin;C:\Program Files\Java\jdk-13.0.2\bin;C:\Windows\system32;C:\Windows;C:\Windows\System32\Wbem;C:\Windows\System32\WindowsPowerShell\v1.0\;C:\Windows\System32\OpenSSH\;C:\Program Files (x86)\NVIDIA Corporation\PhysX\Common;C:\Program Files\NVIDIA Corporation\NVIDIA NvDLISR;C:\Program Files\nodejs\;C:\Program Files\Git\cmd;C:\WINDOWS\system32;C:\WINDOWS;C:\WINDOWS\System32\Wbem;C:\WINDOWS\System32\WindowsPowerShell\v1.0\;C:\WINDOWS\System32\OpenSSH\;C:\Users\willi\AppData\Local\Programs\Python\Python38-32\Scripts\;C:\Users\willi\AppData\Local\Programs\Python\Python38-32\;C:\Users\willi\AppData\Local\Microsoft\WindowsApps;;C:\Users\willi\AppData\Local\Programs\Microsoft VS Code\bin;C:\Users\willi\AppData\Roaming\npm;C:\Program Files\JetBrains\PyCharm Community Edition 2020.1.3\bin;;C:\Users\willi\Desktop;
USERNAME=willi
OS=Windows_NT
PROCESSOR_IDENTIFIER=Intel64 Family 6 Model 158 Stepping 10, GenuineIntel



---------------  S Y S T E M  ---------------

OS: Windows 10 , 64 bit Build 19041 (10.0.19041.292)
HyperV virtualization detected

CPU:total 8 (initial active 8) (4 cores per cpu, 2 threads per core) family 6 model 158 stepping 10, cmov, cx8, fxsr, mmx, sse, sse2, sse3, ssse3, sse4.1, sse4.2, popcnt, avx, avx2, aes, clmul, erms, 3dnowpref, lzcnt, ht, tsc, tscinvbit, bmi1, bmi2, adx, fma

Memory: 4k page, system-wide physical 16228M (6876M free)
TotalPageFile size 29168M (AvailPageFile size 13M)
current process WorkingSet (physical memory assigned to process): 10M, peak: 10M
current process commit charge ("private bytes"): 58M, peak: 58M

vm_info: Java HotSpot(TM) 64-Bit Server VM (13.0.2+8) for windows-amd64 JRE (13.0.2+8), built on Dec 11 2019 09:20:33 by "mach5one" with unknown MS VC++:1916

END.
